<!DOCTYPE html PUBLIC "-//W3C//DTD XHTML 1.1//EN" "https://www.w3.org/TR/xhtml11/DTD/xhtml11.dtd">
<html xmlns="https://www.w3.org/1999/xhtml">
<head>
<meta http-equiv="content-type" content="text/html; charset=UTF-8"/>
<title>TestNG Report</title>
<style type="text/css">table {margin-bottom:10px;border-collapse:collapse;empty-cells:show}th,td {border:1px solid #009;padding:.25em .5em}th {vertical-align:bottom}td {vertical-align:top}table a {font-weight:bold}.stripe td {background-color: #E6EBF9}.num {text-align:right}.passedodd td {background-color: #3F3}.passedeven td {background-color: #0A0}.skippedodd td {background-color: #DDD}.skippedeven td {background-color: #CCC}.failedodd td,.attn {background-color: #F33}.failedeven td,.stripe .attn {background-color: #D00}.stacktrace {white-space:pre;font-family:monospace}.totop {font-size:85%;text-align:center;border-bottom:2px solid #000}.invisible {display:none}</style>
</head>
<body>
<table>
<tr><th>Test</th><th># Passed</th><th># Skipped</th><th># Retried</th><th># Failed</th><th>Time (ms)</th><th>Included Groups</th><th>Excluded Groups</th></tr>
<tr><th colspan="8">Suite</th></tr>
<tr><td><a href="#t0">chromeTest</a></td><td class="num">11</td><td class="num">0</td><td class="num attn">3</td><td class="num attn">1</td><td class="num">306,759</td><td></td><td></td></tr>
<tr class="stripe"><td><a href="#t1">edgeTest</a></td><td class="num">11</td><td class="num">0</td><td class="num attn">3</td><td class="num attn">1</td><td class="num">258,917</td><td></td><td></td></tr>
<tr><th>Total</th><th class="num">22</th><th class="num">0</th><th class="num attn">6</th><th class="num attn">2</th><th class="num">565,676</th><th colspan="2"></th></tr>
</table>
<table id='summary'><thead><tr><th>Class</th><th>Method</th><th>Start</th><th>Time (ms)</th></tr></thead><tbody><tr><th colspan="4">Suite</th></tr></tbody><tbody id="t0"><tr><th colspan="4">chromeTest &#8212; failed</th></tr><tr class="failedeven"><td rowspan="1">executePageClasses.ActiveVisitTestClass</td><td><a href="#m0">verifyThePatientIsInActivevisitPagewhileStartVisit</a></td><td rowspan="1">1705598651288</td><td rowspan="1">27743</td></tr><tr><th colspan="4">chromeTest &#8212; retried</th></tr><tr class="retriedeven"><td rowspan="3">executePageClasses.ActiveVisitTestClass</td><td><a href="#m1">verifyThePatientIsInActivevisitPagewhileStartVisit</a></td><td rowspan="3">1705598625199</td><td rowspan="3">20600</td></tr><tr class="retriedeven"><td><a href="#m2">verifyThePatientIsInActivevisitPagewhileStartVisit</a></td></tr><tr class="retriedeven"><td><a href="#m3">verifyThePatientIsInActivevisitPagewhileStartVisit</a></td></tr><tr><th colspan="4">chromeTest &#8212; passed</th></tr><tr class="passedeven"><td rowspan="1">executePageClasses.CaptureVitalsTestClass</td><td><a href="#m4">verifyCaptureVitalsOfPatientSuccessfullyRegistered</a></td><td rowspan="1">1705598815671</td><td rowspan="1">27490</td></tr><tr class="passedodd"><td rowspan="1">executePageClasses.FindAPatientTestClass</td><td><a href="#m5">verifyToFindAPatient</a></td><td rowspan="1">1705598732102</td><td rowspan="1">5054</td></tr><tr class="passedeven"><td rowspan="2">executePageClasses.HomePageTestClass</td><td><a href="#m6">verifyAllTilesAreDisplayedInHomePage</a></td><td rowspan="1">1705598790381</td><td rowspan="1">2278</td></tr><tr class="passedeven"><td><a href="#m7">verifySuccessfulLogoutFromHomePage</a></td><td rowspan="1">1705598803290</td><td rowspan="1">3718</td></tr><tr class="passedodd"><td rowspan="5">executePageClasses.LoginPageTestClass</td><td><a href="#m8">verifySuccessfulLogin</a></td><td rowspan="1">1705598755117</td><td rowspan="1">2058</td></tr><tr class="passedodd"><td><a href="#m9">verifyThePageOpenWhileHittingUrl</a></td><td rowspan="1">1705598749692</td><td rowspan="1">14</td></tr><tr class="passedodd"><td><a href="#m10">verifyUnSuccessfulLogin</a></td><td rowspan="3">1705598773824</td><td rowspan="3">1428</td></tr><tr class="passedodd"><td><a href="#m11">verifyUnSuccessfulLogin</a></td></tr><tr class="passedodd"><td><a href="#m12">verifyUnSuccessfulLogin</a></td></tr><tr class="passedeven"><td rowspan="2">executePageClasses.RegisterAPatientTestClass</td><td><a href="#m13">verifyRegisterAPatientSuccessfully</a></td><td rowspan="1">1705598684241</td><td rowspan="1">13803</td></tr><tr class="passedeven"><td><a href="#m14">verifyThePatientIsNotInActivevisitAfterEndVisit</a></td><td rowspan="1">1705598703403</td><td rowspan="1">22450</td></tr></tbody>
<tbody id="t1"><tr><th colspan="4">edgeTest &#8212; failed</th></tr><tr class="failedeven"><td rowspan="1">executePageClasses.ActiveVisitTestClass</td><td><a href="#m15">verifyThePatientIsInActivevisitPagewhileStartVisit</a></td><td rowspan="1">1705598921683</td><td rowspan="1">24108</td></tr><tr><th colspan="4">edgeTest &#8212; retried</th></tr><tr class="retriedeven"><td rowspan="3">executePageClasses.ActiveVisitTestClass</td><td><a href="#m16">verifyThePatientIsInActivevisitPagewhileStartVisit</a></td><td rowspan="3">1705598851973</td><td rowspan="3">17396</td></tr><tr class="retriedeven"><td><a href="#m17">verifyThePatientIsInActivevisitPagewhileStartVisit</a></td></tr><tr class="retriedeven"><td><a href="#m18">verifyThePatientIsInActivevisitPagewhileStartVisit</a></td></tr><tr><th colspan="4">edgeTest &#8212; passed</th></tr><tr class="passedeven"><td rowspan="1">executePageClasses.CaptureVitalsTestClass</td><td><a href="#m19">verifyCaptureVitalsOfPatientSuccessfullyRegistered</a></td><td rowspan="1">1705599071362</td><td rowspan="1">31688</td></tr><tr class="passedodd"><td rowspan="1">executePageClasses.FindAPatientTestClass</td><td><a href="#m20">verifyToFindAPatient</a></td><td rowspan="1">1705598997275</td><td rowspan="1">5494</td></tr><tr class="passedeven"><td rowspan="2">executePageClasses.HomePageTestClass</td><td><a href="#m21">verifyAllTilesAreDisplayedInHomePage</a></td><td rowspan="1">1705599052384</td><td rowspan="1">2369</td></tr><tr class="passedeven"><td><a href="#m22">verifySuccessfulLogoutFromHomePage</a></td><td rowspan="1">1705599059902</td><td rowspan="1">3841</td></tr><tr class="passedodd"><td rowspan="5">executePageClasses.LoginPageTestClass</td><td><a href="#m23">verifySuccessfulLogin</a></td><td rowspan="1">1705599016292</td><td rowspan="1">3442</td></tr><tr class="passedodd"><td><a href="#m24">verifyThePageOpenWhileHittingUrl</a></td><td rowspan="1">1705599008573</td><td rowspan="1">12</td></tr><tr class="passedodd"><td><a href="#m25">verifyUnSuccessfulLogin</a></td><td rowspan="3">1705599036132</td><td rowspan="3">1805</td></tr><tr class="passedodd"><td><a href="#m26">verifyUnSuccessfulLogin</a></td></tr><tr class="passedodd"><td><a href="#m27">verifyUnSuccessfulLogin</a></td></tr><tr class="passedeven"><td rowspan="2">executePageClasses.RegisterAPatientTestClass</td><td><a href="#m28">verifyRegisterAPatientSuccessfully</a></td><td rowspan="1">1705598951811</td><td rowspan="1">14224</td></tr><tr class="passedeven"><td><a href="#m29">verifyThePatientIsNotInActivevisitAfterEndVisit</a></td><td rowspan="1">1705598971682</td><td rowspan="1">19874</td></tr></tbody>
</table>
<h2>chromeTest</h2><h3 id="m0">executePageClasses.ActiveVisitTestClass#verifyThePatientIsInActivevisitPagewhileStartVisit</h3><table class="result"><tr class="param"><th>Parameter #1</th><th>Parameter #2</th></tr><tr class="param stripe"><td>admin</td><td>Admin123</td></tr><tr><th colspan="2">Exception</th></tr><tr><td colspan="2"><div class="stacktrace">java.lang.AssertionError: expected [true] but found [false]
	at executePageClasses.ActiveVisitTestClass.verifyThePatientIsInActivevisitPagewhileStartVisit(ActiveVisitTestClass.java:57)
	at java.base/java.util.ArrayList.forEach(ArrayList.java:1541)
... Removed 31 stack frames</div></td></tr></table><p class="totop"><a href="#summary">back to summary</a></p>
<h3 id="m1">executePageClasses.ActiveVisitTestClass#verifyThePatientIsInActivevisitPagewhileStartVisit</h3><table class="result"><tr class="param"><th>Parameter #1</th><th>Parameter #2</th></tr><tr class="param stripe"><td>admin</td><td>Admin123</td></tr><tr><th colspan="2">Exception</th></tr><tr><td colspan="2"><div class="stacktrace">java.lang.AssertionError: expected [true] but found [false]
	at executePageClasses.ActiveVisitTestClass.verifyThePatientIsInActivevisitPagewhileStartVisit(ActiveVisitTestClass.java:57)
	at java.base/java.util.ArrayList.forEach(ArrayList.java:1541)
... Removed 31 stack frames</div></td></tr></table><p class="totop"><a href="#summary">back to summary</a></p>
<h3 id="m2">executePageClasses.ActiveVisitTestClass#verifyThePatientIsInActivevisitPagewhileStartVisit</h3><table class="result"><tr class="param"><th>Parameter #1</th><th>Parameter #2</th></tr><tr class="param stripe"><td>admin</td><td>Admin123</td></tr><tr><th colspan="2">Exception</th></tr><tr><td colspan="2"><div class="stacktrace">java.lang.AssertionError: expected [true] but found [false]
	at executePageClasses.ActiveVisitTestClass.verifyThePatientIsInActivevisitPagewhileStartVisit(ActiveVisitTestClass.java:57)
	at java.base/java.util.ArrayList.forEach(ArrayList.java:1541)
... Removed 31 stack frames</div></td></tr></table><p class="totop"><a href="#summary">back to summary</a></p>
<h3 id="m3">executePageClasses.ActiveVisitTestClass#verifyThePatientIsInActivevisitPagewhileStartVisit</h3><table class="result"><tr class="param"><th>Parameter #1</th><th>Parameter #2</th></tr><tr class="param stripe"><td>admin</td><td>Admin123</td></tr><tr><th colspan="2">Exception</th></tr><tr><td colspan="2"><div class="stacktrace">java.lang.AssertionError: expected [true] but found [false]
	at executePageClasses.ActiveVisitTestClass.verifyThePatientIsInActivevisitPagewhileStartVisit(ActiveVisitTestClass.java:57)
	at java.base/java.util.ArrayList.forEach(ArrayList.java:1541)
... Removed 31 stack frames</div></td></tr></table><p class="totop"><a href="#summary">back to summary</a></p>
<h3 id="m4">executePageClasses.CaptureVitalsTestClass#verifyCaptureVitalsOfPatientSuccessfullyRegistered</h3><table class="result"><tr class="param"><th>Parameter #1</th><th>Parameter #2</th></tr><tr class="param stripe"><td>admin</td><td>Admin123</td></tr></table><p class="totop"><a href="#summary">back to summary</a></p>
<h3 id="m5">executePageClasses.FindAPatientTestClass#verifyToFindAPatient</h3><table class="result"><tr class="param"><th>Parameter #1</th><th>Parameter #2</th></tr><tr class="param stripe"><td>admin</td><td>Admin123</td></tr></table><p class="totop"><a href="#summary">back to summary</a></p>
<h3 id="m6">executePageClasses.HomePageTestClass#verifyAllTilesAreDisplayedInHomePage</h3><table class="result"><tr class="param"><th>Parameter #1</th><th>Parameter #2</th></tr><tr class="param stripe"><td>admin</td><td>Admin123</td></tr></table><p class="totop"><a href="#summary">back to summary</a></p>
<h3 id="m7">executePageClasses.HomePageTestClass#verifySuccessfulLogoutFromHomePage</h3><table class="result"><tr class="param"><th>Parameter #1</th><th>Parameter #2</th></tr><tr class="param stripe"><td>admin</td><td>Admin123</td></tr></table><p class="totop"><a href="#summary">back to summary</a></p>
<h3 id="m8">executePageClasses.LoginPageTestClass#verifySuccessfulLogin</h3><table class="result"><tr class="param"><th>Parameter #1</th><th>Parameter #2</th></tr><tr class="param stripe"><td>admin</td><td>Admin123</td></tr></table><p class="totop"><a href="#summary">back to summary</a></p>
<h3 id="m9">executePageClasses.LoginPageTestClass#verifyThePageOpenWhileHittingUrl</h3><table class="result"><tr><th class="invisible"/></tr></table><p class="totop"><a href="#summary">back to summary</a></p>
<h3 id="m10">executePageClasses.LoginPageTestClass#verifyUnSuccessfulLogin</h3><table class="result"><tr class="param"><th>Parameter #1</th><th>Parameter #2</th></tr><tr class="param stripe"><td>admin</td><td>123456</td></tr></table><p class="totop"><a href="#summary">back to summary</a></p>
<h3 id="m11">executePageClasses.LoginPageTestClass#verifyUnSuccessfulLogin</h3><table class="result"><tr class="param"><th>Parameter #1</th><th>Parameter #2</th></tr><tr class="param stripe"><td>adm</td><td>123456</td></tr></table><p class="totop"><a href="#summary">back to summary</a></p>
<h3 id="m12">executePageClasses.LoginPageTestClass#verifyUnSuccessfulLogin</h3><table class="result"><tr class="param"><th>Parameter #1</th><th>Parameter #2</th></tr><tr class="param stripe"><td>adm</td><td>Admin123</td></tr></table><p class="totop"><a href="#summary">back to summary</a></p>
<h3 id="m13">executePageClasses.RegisterAPatientTestClass#verifyRegisterAPatientSuccessfully</h3><table class="result"><tr class="param"><th>Parameter #1</th><th>Parameter #2</th></tr><tr class="param stripe"><td>admin</td><td>Admin123</td></tr></table><p class="totop"><a href="#summary">back to summary</a></p>
<h3 id="m14">executePageClasses.RegisterAPatientTestClass#verifyThePatientIsNotInActivevisitAfterEndVisit</h3><table class="result"><tr class="param"><th>Parameter #1</th><th>Parameter #2</th></tr><tr class="param stripe"><td>admin</td><td>Admin123</td></tr></table><p class="totop"><a href="#summary">back to summary</a></p>
<h2>edgeTest</h2><h3 id="m15">executePageClasses.ActiveVisitTestClass#verifyThePatientIsInActivevisitPagewhileStartVisit</h3><table class="result"><tr class="param"><th>Parameter #1</th><th>Parameter #2</th></tr><tr class="param stripe"><td>admin</td><td>Admin123</td></tr><tr><th colspan="2">Exception</th></tr><tr><td colspan="2"><div class="stacktrace">java.lang.AssertionError: expected [true] but found [false]
	at executePageClasses.ActiveVisitTestClass.verifyThePatientIsInActivevisitPagewhileStartVisit(ActiveVisitTestClass.java:57)
	at java.base/java.util.ArrayList.forEach(ArrayList.java:1541)
... Removed 31 stack frames</div></td></tr></table><p class="totop"><a href="#summary">back to summary</a></p>
<h3 id="m16">executePageClasses.ActiveVisitTestClass#verifyThePatientIsInActivevisitPagewhileStartVisit</h3><table class="result"><tr class="param"><th>Parameter #1</th><th>Parameter #2</th></tr><tr class="param stripe"><td>admin</td><td>Admin123</td></tr><tr><th colspan="2">Exception</th></tr><tr><td colspan="2"><div class="stacktrace">java.lang.AssertionError: expected [true] but found [false]
	at executePageClasses.ActiveVisitTestClass.verifyThePatientIsInActivevisitPagewhileStartVisit(ActiveVisitTestClass.java:57)
	at java.base/java.util.ArrayList.forEach(ArrayList.java:1541)
... Removed 31 stack frames</div></td></tr></table><p class="totop"><a href="#summary">back to summary</a></p>
<h3 id="m17">executePageClasses.ActiveVisitTestClass#verifyThePatientIsInActivevisitPagewhileStartVisit</h3><table class="result"><tr class="param"><th>Parameter #1</th><th>Parameter #2</th></tr><tr class="param stripe"><td>admin</td><td>Admin123</td></tr><tr><th colspan="2">Exception</th></tr><tr><td colspan="2"><div class="stacktrace">java.lang.AssertionError: expected [true] but found [false]
	at executePageClasses.ActiveVisitTestClass.verifyThePatientIsInActivevisitPagewhileStartVisit(ActiveVisitTestClass.java:57)
	at java.base/java.util.ArrayList.forEach(ArrayList.java:1541)
... Removed 31 stack frames</div></td></tr></table><p class="totop"><a href="#summary">back to summary</a></p>
<h3 id="m18">executePageClasses.ActiveVisitTestClass#verifyThePatientIsInActivevisitPagewhileStartVisit</h3><table class="result"><tr class="param"><th>Parameter #1</th><th>Parameter #2</th></tr><tr class="param stripe"><td>admin</td><td>Admin123</td></tr><tr><th colspan="2">Exception</th></tr><tr><td colspan="2"><div class="stacktrace">java.lang.AssertionError: expected [true] but found [false]
	at executePageClasses.ActiveVisitTestClass.verifyThePatientIsInActivevisitPagewhileStartVisit(ActiveVisitTestClass.java:57)
	at java.base/java.util.ArrayList.forEach(ArrayList.java:1541)
... Removed 31 stack frames</div></td></tr></table><p class="totop"><a href="#summary">back to summary</a></p>
<h3 id="m19">executePageClasses.CaptureVitalsTestClass#verifyCaptureVitalsOfPatientSuccessfullyRegistered</h3><table class="result"><tr class="param"><th>Parameter #1</th><th>Parameter #2</th></tr><tr class="param stripe"><td>admin</td><td>Admin123</td></tr></table><p class="totop"><a href="#summary">back to summary</a></p>
<h3 id="m20">executePageClasses.FindAPatientTestClass#verifyToFindAPatient</h3><table class="result"><tr class="param"><th>Parameter #1</th><th>Parameter #2</th></tr><tr class="param stripe"><td>admin</td><td>Admin123</td></tr></table><p class="totop"><a href="#summary">back to summary</a></p>
<h3 id="m21">executePageClasses.HomePageTestClass#verifyAllTilesAreDisplayedInHomePage</h3><table class="result"><tr class="param"><th>Parameter #1</th><th>Parameter #2</th></tr><tr class="param stripe"><td>admin</td><td>Admin123</td></tr></table><p class="totop"><a href="#summary">back to summary</a></p>
<h3 id="m22">executePageClasses.HomePageTestClass#verifySuccessfulLogoutFromHomePage</h3><table class="result"><tr class="param"><th>Parameter #1</th><th>Parameter #2</th></tr><tr class="param stripe"><td>admin</td><td>Admin123</td></tr></table><p class="totop"><a href="#summary">back to summary</a></p>
<h3 id="m23">executePageClasses.LoginPageTestClass#verifySuccessfulLogin</h3><table class="result"><tr class="param"><th>Parameter #1</th><th>Parameter #2</th></tr><tr class="param stripe"><td>admin</td><td>Admin123</td></tr></table><p class="totop"><a href="#summary">back to summary</a></p>
<h3 id="m24">executePageClasses.LoginPageTestClass#verifyThePageOpenWhileHittingUrl</h3><table class="result"><tr><th class="invisible"/></tr></table><p class="totop"><a href="#summary">back to summary</a></p>
<h3 id="m25">executePageClasses.LoginPageTestClass#verifyUnSuccessfulLogin</h3><table class="result"><tr class="param"><th>Parameter #1</th><th>Parameter #2</th></tr><tr class="param stripe"><td>admin</td><td>123456</td></tr></table><p class="totop"><a href="#summary">back to summary</a></p>
<h3 id="m26">executePageClasses.LoginPageTestClass#verifyUnSuccessfulLogin</h3><table class="result"><tr class="param"><th>Parameter #1</th><th>Parameter #2</th></tr><tr class="param stripe"><td>adm</td><td>123456</td></tr></table><p class="totop"><a href="#summary">back to summary</a></p>
<h3 id="m27">executePageClasses.LoginPageTestClass#verifyUnSuccessfulLogin</h3><table class="result"><tr class="param"><th>Parameter #1</th><th>Parameter #2</th></tr><tr class="param stripe"><td>adm</td><td>Admin123</td></tr></table><p class="totop"><a href="#summary">back to summary</a></p>
<h3 id="m28">executePageClasses.RegisterAPatientTestClass#verifyRegisterAPatientSuccessfully</h3><table class="result"><tr class="param"><th>Parameter #1</th><th>Parameter #2</th></tr><tr class="param stripe"><td>admin</td><td>Admin123</td></tr></table><p class="totop"><a href="#summary">back to summary</a></p>
<h3 id="m29">executePageClasses.RegisterAPatientTestClass#verifyThePatientIsNotInActivevisitAfterEndVisit</h3><table class="result"><tr class="param"><th>Parameter #1</th><th>Parameter #2</th></tr><tr class="param stripe"><td>admin</td><td>Admin123</td></tr></table><p class="totop"><a href="#summary">back to summary</a></p>
</body>
</html>
