<html>
<head>
<title>TestNG:  chromeTest</title>
<link href="../testng.css" rel="stylesheet" type="text/css" />
<link href="../my-testng.css" rel="stylesheet" type="text/css" />

<style type="text/css">
.log { display: none;} 
.stack-trace { display: none;} 
</style>
<script type="text/javascript">
<!--
function flip(e) {
  current = e.style.display;
  if (current == 'block') {
    e.style.display = 'none';
    return 0;
  }
  else {
    e.style.display = 'block';
    return 1;
  }
}

function toggleBox(szDivId, elem, msg1, msg2)
{
  var res = -1;  if (document.getElementById) {
    res = flip(document.getElementById(szDivId));
  }
  else if (document.all) {
    // this is the way old msie versions work
    res = flip(document.all[szDivId]);
  }
  if(elem) {
    if(res == 0) elem.innerHTML = msg1; else elem.innerHTML = msg2;
  }

}

function toggleAllBoxes() {
  if (document.getElementsByTagName) {
    d = document.getElementsByTagName('div');
    for (i = 0; i < d.length; i++) {
      if (d[i].className == 'log') {
        flip(d[i]);
      }
    }
  }
}

// -->
</script>

</head>
<body>
<h2 align='center'>chromeTest</h2><table border='1' align="center">
<tr>
<td>Tests passed/Failed/Skipped:</td><td>12/0/1</td>
</tr><tr>
<td>Started on:</td><td>Thu Jan 11 08:55:24 IST 2024</td>
</tr>
<tr><td>Total time:</td><td>250 seconds (250144 ms)</td>
</tr><tr>
<td>Included groups:</td><td></td>
</tr><tr>
<td>Excluded groups:</td><td></td>
</tr>
</table><p/>
<small><i>(Hover the method name to see the test class name)</i></small><p/>
<table width='100%' border='1' class='invocation-passed'>
<tr><td colspan='4' align='center'><b>PASSED TESTS</b></td></tr>
<tr><td><b>Test method</b></td>
<td><b>Attribute(s)</b></td>
<td width="30%"><b>Exception</b></td>
<td width="10%"><b>Time (seconds)</b></td>
<td><b>Instance</b></td>
</tr>
<tr>
<td title='executePageClasses.LoginPageTestClass.verifyUnSuccessfulLogin()'><b>verifyUnSuccessfulLogin</b><br>Test class: executePageClasses.LoginPageTestClass<br>Parameters: adm, 123456</td>
<td></td>
<td>2</td>
<td>executePageClasses.LoginPageTestClass@687ef2e0</td></tr>
<tr>
<td title='executePageClasses.LoginPageTestClass.verifyThePageOpenWhileHittingUrl()'><b>verifyThePageOpenWhileHittingUrl</b><br>Test class: executePageClasses.LoginPageTestClass</td>
<td></td>
<td>0</td>
<td>executePageClasses.LoginPageTestClass@687ef2e0</td></tr>
<tr>
<td title='executePageClasses.ActiveVisitTestClass.verifyThePatientIsInActivevisitPagewhileStartVisit()'><b>verifyThePatientIsInActivevisitPagewhileStartVisit</b><br>Test class: executePageClasses.ActiveVisitTestClass<br>Parameters: admin, Admin123</td>
<td></td>
<td>19</td>
<td>executePageClasses.ActiveVisitTestClass@517566b</td></tr>
<tr>
<td title='executePageClasses.LoginPageTestClass.verifySuccessfulLogin()'><b>verifySuccessfulLogin</b><br>Test class: executePageClasses.LoginPageTestClass<br>Parameters: admin, Admin123</td>
<td></td>
<td>2</td>
<td>executePageClasses.LoginPageTestClass@687ef2e0</td></tr>
<tr>
<td title='executePageClasses.LoginPageTestClass.verifyUnSuccessfulLogin()'><b>verifyUnSuccessfulLogin</b><br>Test class: executePageClasses.LoginPageTestClass<br>Parameters: adm, Admin123</td>
<td></td>
<td>1</td>
<td>executePageClasses.LoginPageTestClass@687ef2e0</td></tr>
<tr>
<td title='executePageClasses.HomePageTestClass.verifySuccessfulLogoutFromHomePage()'><b>verifySuccessfulLogoutFromHomePage</b><br>Test class: executePageClasses.HomePageTestClass<br>Parameters: admin, Admin123</td>
<td></td>
<td>5</td>
<td>executePageClasses.HomePageTestClass@15dcfae7</td></tr>
<tr>
<td title='executePageClasses.CaptureVitalsTestClass.verifyCaptureVitalsOfPatientSuccessfullyRegistered()'><b>verifyCaptureVitalsOfPatientSuccessfullyRegistered</b><br>Test class: executePageClasses.CaptureVitalsTestClass<br>Parameters: admin, Admin123</td>
<td></td>
<td>32</td>
<td>executePageClasses.CaptureVitalsTestClass@3da05287</td></tr>
<tr>
<td title='executePageClasses.LoginPageTestClass.verifyUnSuccessfulLogin()'><b>verifyUnSuccessfulLogin</b><br>Test class: executePageClasses.LoginPageTestClass<br>Parameters: admin, 123456</td>
<td></td>
<td>1</td>
<td>executePageClasses.LoginPageTestClass@687ef2e0</td></tr>
<tr>
<td title='executePageClasses.RegisterAPatientTestClass.verifyRegisterAPatientSuccessfully()'><b>verifyRegisterAPatientSuccessfully</b><br>Test class: executePageClasses.RegisterAPatientTestClass<br>Parameters: admin, Admin123</td>
<td></td>
<td>24</td>
<td>executePageClasses.RegisterAPatientTestClass@2654635</td></tr>
<tr>
<td title='executePageClasses.RegisterAPatientTestClass.verifyThePatientIsNotInActivevisitAfterEndVisit()'><b>verifyThePatientIsNotInActivevisitAfterEndVisit</b><br>Test class: executePageClasses.RegisterAPatientTestClass<br>Parameters: admin, Admin123</td>
<td></td>
<td>22</td>
<td>executePageClasses.RegisterAPatientTestClass@2654635</td></tr>
<tr>
<td title='executePageClasses.HomePageTestClass.verifyAllTilesAreDisplayedInHomePage()'><b>verifyAllTilesAreDisplayedInHomePage</b><br>Test class: executePageClasses.HomePageTestClass<br>Parameters: admin, Admin123</td>
<td></td>
<td>4</td>
<td>executePageClasses.HomePageTestClass@15dcfae7</td></tr>
<tr>
<td title='executePageClasses.FindAPatientTestClass.verifyToFindAPatient()'><b>verifyToFindAPatient</b><br>Test class: executePageClasses.FindAPatientTestClass<br>Parameters: admin, Admin123</td>
<td></td>
<td>7</td>
<td>executePageClasses.FindAPatientTestClass@737a135b</td></tr>
</table><p>
<table width='100%' border='1' class='invocation-skipped'>
<tr><td colspan='4' align='center'><b>SKIPPED TESTS</b></td></tr>
<tr><td><b>Test method</b></td>
<td><b>Attribute(s)</b></td>
<td width="30%"><b>Exception</b></td>
<td width="10%"><b>Time (seconds)</b></td>
<td><b>Instance</b></td>
</tr>
<tr>
<td title='executePageClasses.ActiveVisitTestClass.verifyThePatientIsInActivevisitPagewhileStartVisit()'><b>verifyThePatientIsInActivevisitPagewhileStartVisit</b><br>Test class: executePageClasses.ActiveVisitTestClass<br>Parameters: admin, Admin123</td>
<td><div><pre>org.openqa.selenium.TimeoutException: Expected condition failed: waiting for visibility of [[ChromeDriver: chrome on windows (17b343ff4dd9b693499c3a2e9baabfdb)] -&gt; xpath: (//i[@class=&apos;icon-calendar&apos;])[1]] (tried for 0 second(s) with 500 milliseconds interval)
Build info: version: &apos;4.11.0&apos;, revision: &apos;040bc5406b&apos;
System info: os.name: &apos;Windows 11&apos;, os.arch: &apos;amd64&apos;, os.version: &apos;10.0&apos;, java.version: &apos;11.0.18&apos;
Driver info: org.openqa.selenium.chrome.ChromeDriver
Capabilities {acceptInsecureCerts: false, browserName: chrome, browserVersion: 120.0.6099.216, chrome: {chromedriverVersion: 120.0.6099.109 (3419140ab66..., userDataDir: C:\Users\ansha\AppData\Loca...}, fedcm:accounts: true, goog:chromeOptions: {debuggerAddress: localhost:60983}, networkConnectionEnabled: false, pageLoadStrategy: normal, platformName: windows, proxy: Proxy(), se:cdp: ws://localhost:60983/devtoo..., se:cdpVersion: 120.0.6099.216, setWindowRect: true, strictFileInteractability: false, timeouts: {implicit: 0, pageLoad: 300000, script: 30000}, unhandledPromptBehavior: dismiss and notify, webauthn:extension:credBlob: true, webauthn:extension:largeBlob: true, webauthn:extension:minPinLength: true, webauthn:extension:prf: true, webauthn:virtualAuthenticators: true}
Session ID: 17b343ff4dd9b693499c3a2e9baabfdb
	at org.openqa.selenium.support.ui.WebDriverWait.timeoutException(WebDriverWait.java:84)
	at org.openqa.selenium.support.ui.FluentWait.until(FluentWait.java:230)
	at utilities.ExplicitWaitClass.visibilityOfElementWait(ExplicitWaitClass.java:32)
	at pageClasses.HomePageClass.clickOnActiveVisit(HomePageClass.java:109)
	at executePageClasses.ActiveVisitTestClass.verifyThePatientIsInActivevisitPagewhileStartVisit(ActiveVisitTestClass.java:49)
	at java.base/java.util.ArrayList.forEach(ArrayList.java:1541)
... Removed 27 stack frames</pre></div><a href='#' onClick='toggleBox("stack-trace1139817507", this, "Click to show all stack frames", "Click to hide stack frames")'>Click to show all stack frames</a>
<div class='stack-trace' id='stack-trace1139817507'><pre>org.openqa.selenium.TimeoutException: Expected condition failed: waiting for visibility of [[ChromeDriver: chrome on windows (17b343ff4dd9b693499c3a2e9baabfdb)] -&gt; xpath: (//i[@class=&apos;icon-calendar&apos;])[1]] (tried for 0 second(s) with 500 milliseconds interval)
Build info: version: &apos;4.11.0&apos;, revision: &apos;040bc5406b&apos;
System info: os.name: &apos;Windows 11&apos;, os.arch: &apos;amd64&apos;, os.version: &apos;10.0&apos;, java.version: &apos;11.0.18&apos;
Driver info: org.openqa.selenium.chrome.ChromeDriver
Capabilities {acceptInsecureCerts: false, browserName: chrome, browserVersion: 120.0.6099.216, chrome: {chromedriverVersion: 120.0.6099.109 (3419140ab66..., userDataDir: C:\Users\ansha\AppData\Loca...}, fedcm:accounts: true, goog:chromeOptions: {debuggerAddress: localhost:60983}, networkConnectionEnabled: false, pageLoadStrategy: normal, platformName: windows, proxy: Proxy(), se:cdp: ws://localhost:60983/devtoo..., se:cdpVersion: 120.0.6099.216, setWindowRect: true, strictFileInteractability: false, timeouts: {implicit: 0, pageLoad: 300000, script: 30000}, unhandledPromptBehavior: dismiss and notify, webauthn:extension:credBlob: true, webauthn:extension:largeBlob: true, webauthn:extension:minPinLength: true, webauthn:extension:prf: true, webauthn:virtualAuthenticators: true}
Session ID: 17b343ff4dd9b693499c3a2e9baabfdb
	at org.openqa.selenium.support.ui.WebDriverWait.timeoutException(WebDriverWait.java:84)
	at org.openqa.selenium.support.ui.FluentWait.until(FluentWait.java:230)
	at utilities.ExplicitWaitClass.visibilityOfElementWait(ExplicitWaitClass.java:32)
	at pageClasses.HomePageClass.clickOnActiveVisit(HomePageClass.java:109)
	at executePageClasses.ActiveVisitTestClass.verifyThePatientIsInActivevisitPagewhileStartVisit(ActiveVisitTestClass.java:49)
	at java.base/jdk.internal.reflect.NativeMethodAccessorImpl.invoke0(Native Method)
	at java.base/jdk.internal.reflect.NativeMethodAccessorImpl.invoke(NativeMethodAccessorImpl.java:62)
	at java.base/jdk.internal.reflect.DelegatingMethodAccessorImpl.invoke(DelegatingMethodAccessorImpl.java:43)
	at java.base/java.lang.reflect.Method.invoke(Method.java:566)
	at org.testng.internal.invokers.MethodInvocationHelper.invokeMethod(MethodInvocationHelper.java:139)
	at org.testng.internal.invokers.TestInvoker.invokeMethod(TestInvoker.java:664)
	at org.testng.internal.invokers.TestInvoker.invokeTestMethod(TestInvoker.java:227)
	at org.testng.internal.invokers.MethodRunner.runInSequence(MethodRunner.java:50)
	at org.testng.internal.invokers.TestInvoker$MethodInvocationAgent.invoke(TestInvoker.java:957)
	at org.testng.internal.invokers.TestInvoker.invokeTestMethods(TestInvoker.java:200)
	at org.testng.internal.invokers.TestMethodWorker.invokeTestMethods(TestMethodWorker.java:148)
	at org.testng.internal.invokers.TestMethodWorker.run(TestMethodWorker.java:128)
	at java.base/java.util.ArrayList.forEach(ArrayList.java:1541)
	at org.testng.TestRunner.privateRun(TestRunner.java:848)
	at org.testng.TestRunner.run(TestRunner.java:621)
	at org.testng.SuiteRunner.runTest(SuiteRunner.java:443)
	at org.testng.SuiteRunner.runSequentially(SuiteRunner.java:437)
	at org.testng.SuiteRunner.privateRun(SuiteRunner.java:397)
	at org.testng.SuiteRunner.run(SuiteRunner.java:336)
	at org.testng.SuiteRunnerWorker.runSuite(SuiteRunnerWorker.java:52)
	at org.testng.SuiteRunnerWorker.run(SuiteRunnerWorker.java:95)
	at org.testng.TestNG.runSuitesSequentially(TestNG.java:1280)
	at org.testng.TestNG.runSuitesLocally(TestNG.java:1200)
	at org.testng.TestNG.runSuites(TestNG.java:1114)
	at org.testng.TestNG.run(TestNG.java:1082)
	at org.testng.remote.AbstractRemoteTestNG.run(AbstractRemoteTestNG.java:115)
	at org.testng.remote.RemoteTestNG.initAndRun(RemoteTestNG.java:251)
	at org.testng.remote.RemoteTestNG.main(RemoteTestNG.java:77)
</pre></div></td>
<td>26</td>
<td>executePageClasses.ActiveVisitTestClass@517566b</td></tr>
</table><p>
</body>
</html>