<?xml version="1.0" encoding="UTF-8"?>
<!-- Generated by org.testng.reporters.JUnitXMLReporter -->
<testsuite ignored="5" hostname="Anshana" failures="1" tests="15" name="edgeTest" time="258.917" errors="0" timestamp="2024-01-18T23:01:43 IST">
  <testcase classname="executePageClasses.ActiveVisitTestClass" name="verifyThePatientIsInActivevisitPagewhileStartVisit" time="17.396">
    <skipped/>
  </testcase> <!-- verifyThePatientIsInActivevisitPagewhileStartVisit -->
  <testcase classname="executePageClasses.ActiveVisitTestClass" name="verifyThePatientIsInActivevisitPagewhileStartVisit" time="16.811">
    <skipped/>
  </testcase> <!-- verifyThePatientIsInActivevisitPagewhileStartVisit -->
  <testcase classname="executePageClasses.ActiveVisitTestClass" name="verifyThePatientIsInActivevisitPagewhileStartVisit" time="18.089">
    <skipped/>
  </testcase> <!-- verifyThePatientIsInActivevisitPagewhileStartVisit -->
  <testcase classname="executePageClasses.ActiveVisitTestClass" name="verifyThePatientIsInActivevisitPagewhileStartVisit" time="24.108">
    <failure type="java.lang.AssertionError" message="expected [true] but found [false]">
      <![CDATA[java.lang.AssertionError: expected [true] but found [false]
at executePageClasses.ActiveVisitTestClass.verifyThePatientIsInActivevisitPagewhileStartVisit(ActiveVisitTestClass.java:57)
at java.base/java.util.ArrayList.forEach(ArrayList.java:1541)
... Removed 31 stack frames]]>
    </failure>
  </testcase> <!-- verifyThePatientIsInActivevisitPagewhileStartVisit -->
  <testcase classname="executePageClasses.RegisterAPatientTestClass" name="verifyRegisterAPatientSuccessfully" time="14.224"/>
  <testcase classname="executePageClasses.RegisterAPatientTestClass" name="verifyThePatientIsNotInActivevisitAfterEndVisit" time="19.874"/>
  <testcase classname="executePageClasses.FindAPatientTestClass" name="verifyToFindAPatient" time="5.494"/>
  <testcase classname="executePageClasses.LoginPageTestClass" name="verifyThePageOpenWhileHittingUrl" time="0.012"/>
  <testcase classname="executePageClasses.LoginPageTestClass" name="verifySuccessfulLogin" time="3.442"/>
  <testcase classname="executePageClasses.LoginPageTestClass" name="verifyUnSuccessfulLogin" time="1.801"/>
  <testcase classname="executePageClasses.LoginPageTestClass" name="verifyUnSuccessfulLogin" time="1.805"/>
  <testcase classname="executePageClasses.LoginPageTestClass" name="verifyUnSuccessfulLogin" time="1.454"/>
  <testcase classname="executePageClasses.HomePageTestClass" name="verifyAllTilesAreDisplayedInHomePage" time="2.369"/>
  <testcase classname="executePageClasses.HomePageTestClass" name="verifySuccessfulLogoutFromHomePage" time="3.841"/>
  <testcase classname="executePageClasses.CaptureVitalsTestClass" name="verifyCaptureVitalsOfPatientSuccessfullyRegistered" time="31.688"/>
  <testcase classname="executePageClasses.BaseClass" name="@BeforeSuite createExtendReport" time="0.0">
    <ignored/>
  </testcase> <!-- @BeforeSuite createExtendReport -->
  <testcase classname="executePageClasses.BaseClass" name="@BeforeSuite createExtendReport" time="0.0">
    <ignored/>
  </testcase> <!-- @BeforeSuite createExtendReport -->
  <testcase classname="executePageClasses.BaseClass" name="@BeforeSuite createExtendReport" time="0.0">
    <ignored/>
  </testcase> <!-- @BeforeSuite createExtendReport -->
  <testcase classname="executePageClasses.BaseClass" name="@BeforeSuite createExtendReport" time="0.0">
    <ignored/>
  </testcase> <!-- @BeforeSuite createExtendReport -->
  <testcase classname="executePageClasses.BaseClass" name="@BeforeSuite createExtendReport" time="0.0">
    <ignored/>
  </testcase> <!-- @BeforeSuite createExtendReport -->
</testsuite> <!-- edgeTest -->
